[2026-06-22T02:11:07.574Z] Build task created: 37b2ffb0-355e-4764-8831-4b4e4cb4e0a1
[2026-06-22T02:11:07.575Z] Image version: 1.0.0
[2026-06-22T02:11:07.576Z] Base image: node:18-alpine
[2026-06-22T02:11:07.576Z] Build args: {"VERSION":"1.0.0","ENV":"production"}
[2026-06-22T02:11:07.578Z] Build task started...
[2026-06-22T02:11:07.580Z] Dockerfile generated at: E:\temp\record13\558\logs\37b2ffb0-355e-4764-8831-4b4e4cb4e0a1\Dockerfile
[2026-06-22T02:11:07.580Z] Dockerfile content:
FROM node:18-alpine

ARG VERSION=1.0.0
ARG ENV=production

LABEL version="1.0.0"
LABEL maintainer="build-service"
LABEL base.image="node:18-alpine"

WORKDIR /app

COPY . .

RUN echo "Build completed at $(date)"

[2026-06-22T02:11:07.581Z] Target image tag: node:1.0.0
[2026-06-22T02:11:07.582Z] Simulating docker build process...
[2026-06-22T02:11:08.707Z] Step 1/5: FROM node:18-alpine
[2026-06-22T02:11:09.912Z] Step 2/5: Setting up build environment
[2026-06-22T02:11:10.916Z] Step 3/5: Copying application files
[2026-06-22T02:11:12.427Z] Step 4/5: Running build commands
[2026-06-22T02:11:13.229Z] Step 5/5: Applying image version tag: 1.0.0
[2026-06-22T02:11:13.733Z] Successfully tagged node:1.0.0
[2026-06-22T02:11:13.734Z] Build completed successfully!
[2026-06-22T02:11:13.736Z] Image built: node:1.0.0
